2026-05-15 10:26:03,068 [INFO] device_resolved=cuda xgboost=3.2.0 cuda=True
2026-05-15 10:26:03,069 [INFO] output dir: C:\Users\benbr\BacktestStation\experiments\gpu_runs\2026-05-15_full_scoreboard
2026-05-15 10:26:03,126 [INFO] planned: 10 configs across 10 matrices
2026-05-15 10:26:03,128 [INFO] === MATRIX forming_vp_snapshots_xctx_gapctx (1 configs) ===
2026-05-15 10:26:03,618 [INFO]   loaded matrix: rows=43,150 cols=1,586 (0.5s)
2026-05-15 10:26:33,168 [INFO]   [1/1] OK   balanced|at_fire         |label.rest_of_day.range_expanded_1x_profile_so_far           AUC GPU=0.952 CPU=0.952 d=-0.000 (30s)
2026-05-15 10:26:33,188 [INFO]   matrix forming_vp_snapshots_xctx_gapctx complete in 0.5 min
2026-05-15 10:26:33,188 [INFO] === MATRIX fvg_snapshots_xctx_fvggeom_obgeom (1 configs) ===
2026-05-15 10:26:35,531 [INFO]   loaded matrix: rows=209,339 cols=2,090 (2.3s)
2026-05-15 10:29:10,843 [INFO]   [1/1] OK        all|at_fire         |label.zone_reaction.took_fvg_high                            AUC GPU=0.891 CPU=0.888 d=+0.003 (155s)
2026-05-15 10:29:10,995 [INFO]   matrix fvg_snapshots_xctx_fvggeom_obgeom complete in 2.6 min
2026-05-15 10:29:10,996 [INFO] === MATRIX itr_snapshots_xctx (1 configs) ===
2026-05-15 10:29:11,338 [INFO]   loaded matrix: rows=36,095 cols=970 (0.3s)
2026-05-15 10:29:26,018 [INFO]   [1/1] OK    bullish|at_fire         |label.next_interval.compressed_range_0_75x                   AUC GPU=0.794 CPU=0.794 d=+0.001 (15s)
2026-05-15 10:29:26,024 [INFO]   matrix itr_snapshots_xctx complete in 0.3 min
2026-05-15 10:29:26,024 [INFO] === MATRIX macro_event_snapshots_xctx (1 configs) ===
2026-05-15 10:29:26,223 [INFO]   loaded matrix: rows=18,414 cols=1,262 (0.2s)
2026-05-15 10:29:39,898 [INFO]   [1/1] OK        all|at_fire         |label.next_5m.range_expanded_2x_pre_15m                      AUC GPU=0.864 CPU=0.858 d=+0.006 (14s)
2026-05-15 10:29:39,904 [INFO]   matrix macro_event_snapshots_xctx complete in 0.2 min
2026-05-15 10:29:39,904 [INFO] === MATRIX opening_gap_snapshots_xctx_gapctx_obgeom_liqgeom_regime_strict (1 configs) ===
2026-05-15 10:29:40,294 [INFO]   loaded matrix: rows=9,438 cols=3,308 (0.4s)
2026-05-15 10:30:02,998 [INFO]   [1/1] OK        all|at_fire         |label.strict.next_240m.partial_touch_rejected                AUC GPU=0.845 CPU=0.837 d=+0.009 (23s)
2026-05-15 10:30:03,003 [INFO]   matrix opening_gap_snapshots_xctx_gapctx_obgeom_liqgeom_regime_strict complete in 0.4 min
2026-05-15 10:30:03,004 [INFO] === MATRIX opening_gap_snapshots_xctx_gapctx_obgeom_liqgeom_regime (1 configs) ===
2026-05-15 10:30:03,397 [INFO]   loaded matrix: rows=9,438 cols=3,281 (0.4s)
2026-05-15 10:30:33,481 [INFO]   [1/1] OK        all|at_fire         |label.next_240m.range_expanded_2x_gap                        AUC GPU=0.973 CPU=0.974 d=-0.001 (30s)
2026-05-15 10:30:33,485 [INFO]   matrix opening_gap_snapshots_xctx_gapctx_obgeom_liqgeom_regime complete in 0.5 min
2026-05-15 10:30:33,485 [INFO] === MATRIX smt_previous_day_snapshots_xctx_fvggeom_obgeom_liqgeom_regime (1 configs) ===
2026-05-15 10:30:33,733 [INFO]   loaded matrix: rows=4,676 cols=3,179 (0.2s)
2026-05-15 10:30:58,889 [INFO]   [1/1] OK       high|at_period_close |label.n1_primary_took_period_n_high                          AUC GPU=0.967 CPU=0.975 d=-0.008 (25s)
2026-05-15 10:30:58,892 [INFO]   matrix smt_previous_day_snapshots_xctx_fvggeom_obgeom_liqgeom_regime complete in 0.4 min
2026-05-15 10:30:58,892 [INFO] === MATRIX sweep_snapshots_xctx_fvggeom_obgeom_liqgeom_regime (1 configs) ===
2026-05-15 10:30:59,972 [INFO]   loaded matrix: rows=52,946 cols=3,238 (1.1s)
2026-05-15 10:31:48,360 [INFO]   [1/1] OK        low|at_fire         |label.manipulation_range_reaction.range_expanded_2x_manipula AUC GPU=0.914 CPU=0.907 d=+0.007 (48s)
2026-05-15 10:31:48,389 [INFO]   matrix sweep_snapshots_xctx_fvggeom_obgeom_liqgeom_regime complete in 0.8 min
2026-05-15 10:31:48,390 [INFO] === MATRIX tp_snapshots_xctx_fvggeom_obgeom (1 configs) ===
2026-05-15 10:31:48,645 [INFO]   loaded matrix: rows=19,414 cols=1,774 (0.3s)
2026-05-15 10:32:13,004 [INFO]   [1/1] OK        all|at_fire         |label.next_period.took_parent_high                           AUC GPU=0.808 CPU=0.797 d=+0.012 (24s)
2026-05-15 10:32:13,010 [INFO]   matrix tp_snapshots_xctx_fvggeom_obgeom complete in 0.4 min
2026-05-15 10:32:13,010 [INFO] === MATRIX vp_snapshots_xctx (1 configs) ===
2026-05-15 10:32:13,196 [INFO]   loaded matrix: rows=36,095 cols=808 (0.2s)
2026-05-15 10:32:21,747 [INFO]   [1/1] OK     buying|at_fire         |label.vah_touch.resistance_break_acceptance_3bar             AUC GPU=0.917 CPU=0.911 d=+0.007 (9s)
2026-05-15 10:32:21,752 [INFO]   matrix vp_snapshots_xctx complete in 0.1 min
2026-05-15 10:32:21,753 [INFO] === DONE in 6.3 min (10 configs) ===
2026-05-15 10:32:21,753 [INFO] scoreboard: C:\Users\benbr\BacktestStation\experiments\gpu_runs\2026-05-15_full_scoreboard\scoreboard.csv
2026-05-15 10:33:12,077 [INFO] device_resolved=cuda xgboost=3.2.0 cuda=True
2026-05-15 10:33:12,077 [INFO] output dir: C:\Users\benbr\BacktestStation\experiments\gpu_runs\2026-05-15_full_scoreboard
2026-05-15 10:33:12,087 [INFO] planned: 112 configs across 10 matrices
2026-05-15 10:33:12,088 [INFO] === MATRIX forming_vp_snapshots_xctx_gapctx (12 configs) ===
2026-05-15 10:33:12,492 [INFO]   loaded matrix: rows=43,150 cols=1,586 (0.4s)
2026-05-15 10:33:41,782 [INFO]   [1/12] OK   balanced|at_fire         |label.rest_of_day.range_expanded_1x_profile_so_far           AUC GPU=0.952 CPU=0.952 d=-0.000 (29s)
2026-05-15 10:34:20,249 [INFO]   [2/12] OK        all|at_fire         |label.rest_of_day.range_expanded_1x_profile_so_far           AUC GPU=0.950 CPU=0.950 d=+0.000 (38s)
2026-05-15 10:34:39,892 [INFO]   [3/12] OK     buying|at_fire         |label.rest_of_day.range_expanded_1x_profile_so_far           AUC GPU=0.944 CPU=0.943 d=+0.000 (20s)
2026-05-15 10:34:55,838 [INFO]   [4/12] OK    selling|at_fire         |label.rest_of_day.range_expanded_1x_profile_so_far           AUC GPU=0.942 CPU=0.942 d=-0.000 (16s)
2026-05-15 10:35:08,369 [INFO]   [5/12] OK    selling|at_fire         |label.next_60m.took_profile_so_far_high                      AUC GPU=0.918 CPU=0.916 d=+0.002 (13s)
2026-05-15 10:35:20,948 [INFO]   [6/12] OK     buying|at_fire         |label.next_60m.took_profile_so_far_low                       AUC GPU=0.904 CPU=0.899 d=+0.006 (13s)
2026-05-15 10:35:52,197 [INFO]   [7/12] OK        all|at_fire         |label.next_60m.took_profile_so_far_high                      AUC GPU=0.888 CPU=0.887 d=+0.001 (31s)
2026-05-15 10:36:12,051 [INFO]   [8/12] OK   balanced|at_fire         |label.next_60m.took_profile_so_far_high                      AUC GPU=0.882 CPU=0.883 d=-0.000 (20s)
2026-05-15 10:36:37,780 [INFO]   [9/12] OK        all|at_fire         |label.next_60m.took_profile_so_far_low                       AUC GPU=0.877 CPU=0.876 d=+0.001 (26s)
2026-05-15 10:36:49,344 [INFO]   [10/12] OK     buying|at_fire         |label.next_60m.took_profile_so_far_low_rejected_inside       AUC GPU=0.883 CPU=0.875 d=+0.008 (12s)
2026-05-15 10:36:58,820 [INFO]   [11/12] OK    selling|at_fire         |label.next_60m.took_profile_so_far_high_rejected_inside      AUC GPU=0.873 CPU=0.865 d=+0.009 (9s)
2026-05-15 10:37:12,579 [INFO]   [12/12] OK     buying|at_fire         |label.next_60m.took_profile_so_far_high                      AUC GPU=0.861 CPU=0.860 d=+0.001 (14s)
2026-05-15 10:37:12,592 [INFO]   matrix forming_vp_snapshots_xctx_gapctx complete in 4.0 min
2026-05-15 10:37:12,592 [INFO] === MATRIX fvg_snapshots_xctx_fvggeom_obgeom (12 configs) ===
2026-05-15 10:37:15,036 [INFO]   loaded matrix: rows=209,339 cols=2,090 (2.4s)
2026-05-15 10:39:49,424 [INFO]   [1/12] OK        all|at_fire         |label.zone_reaction.took_fvg_high                            AUC GPU=0.891 CPU=0.888 d=+0.003 (154s)
2026-05-15 10:42:07,267 [INFO]   [2/12] OK        all|at_fire         |label.zone_reaction.took_fvg_low                             AUC GPU=0.863 CPU=0.862 d=+0.001 (138s)
2026-05-15 10:44:17,607 [INFO]   [3/12] OK        all|at_fire         |label.zone_reaction.closed_outside_fvg_range                 AUC GPU=0.749 CPU=0.745 d=+0.004 (130s)
2026-05-15 10:46:28,953 [INFO]   [4/12] OK        all|at_fire         |label.zone_reaction.closed_inside_fvg_range                  AUC GPU=0.749 CPU=0.745 d=+0.004 (131s)
2026-05-15 10:47:40,802 [INFO]   [5/12] OK    bearish|at_fire         |label.zone_reaction.closed_outside_fvg_range                 AUC GPU=0.747 CPU=0.744 d=+0.003 (72s)
2026-05-15 10:48:51,458 [INFO]   [6/12] OK    bearish|at_fire         |label.zone_reaction.closed_inside_fvg_range                  AUC GPU=0.747 CPU=0.744 d=+0.003 (71s)
2026-05-15 10:49:56,634 [INFO]   [7/12] OK    bearish|at_fire         |label.zone_reaction.took_fvg_low_rejected_inside             AUC GPU=0.747 CPU=0.744 d=+0.004 (65s)
2026-05-15 10:52:34,057 [INFO]   [8/12] OK        all|at_fire         |label.mitigation.fully_filled                                AUC GPU=0.737 CPU=0.736 d=+0.001 (157s)
2026-05-15 10:54:44,568 [INFO]   [9/12] OK        all|at_fire         |label.zone_reaction.took_fvg_low_rejected_inside             AUC GPU=0.736 CPU=0.732 d=+0.004 (131s)
2026-05-15 10:55:57,558 [INFO]   [10/12] OK    bullish|at_fire         |label.zone_reaction.closed_outside_fvg_range                 AUC GPU=0.735 CPU=0.732 d=+0.003 (73s)
2026-05-15 10:57:09,680 [INFO]   [11/12] OK    bullish|at_fire         |label.zone_reaction.closed_inside_fvg_range                  AUC GPU=0.735 CPU=0.732 d=+0.003 (72s)
2026-05-15 10:58:25,694 [INFO]   [12/12] OK    bullish|at_fire         |label.zone_reaction.took_fvg_high_rejected_inside            AUC GPU=0.734 CPU=0.729 d=+0.005 (76s)
2026-05-15 10:58:25,837 [INFO]   matrix fvg_snapshots_xctx_fvggeom_obgeom complete in 21.2 min
2026-05-15 10:58:25,837 [INFO] === MATRIX itr_snapshots_xctx (12 configs) ===
2026-05-15 10:58:26,088 [INFO]   loaded matrix: rows=36,095 cols=970 (0.3s)
2026-05-15 10:58:40,906 [INFO]   [1/12] OK    bullish|at_fire         |label.next_interval.compressed_range_0_75x                   AUC GPU=0.794 CPU=0.794 d=+0.001 (15s)
2026-05-15 10:58:58,001 [INFO]   [2/12] OK        all|at_fire         |label.next_interval.range_expanded_2x_interval               AUC GPU=0.794 CPU=0.791 d=+0.002 (17s)
2026-05-15 10:59:19,682 [INFO]   [3/12] OK        all|at_fire         |label.next_interval.compressed_range_0_75x                   AUC GPU=0.790 CPU=0.789 d=+0.001 (22s)
2026-05-15 10:59:30,282 [INFO]   [4/12] OK    bearish|at_fire         |label.next_interval.range_expanded_2x_interval               AUC GPU=0.795 CPU=0.786 d=+0.010 (11s)
2026-05-15 10:59:44,379 [INFO]   [5/12] OK    bullish|at_fire         |label.next_interval.range_expanded_2x_interval               AUC GPU=0.791 CPU=0.783 d=+0.007 (14s)
2026-05-15 10:59:57,141 [INFO]   [6/12] OK    bearish|at_fire         |label.next_interval.compressed_range_0_75x                   AUC GPU=0.781 CPU=0.776 d=+0.005 (13s)
2026-05-15 11:00:11,665 [INFO]   [7/12] OK    bullish|at_fire         |label.next_interval.range_expanded_1x_interval               AUC GPU=0.771 CPU=0.771 d=+0.000 (15s)
2026-05-15 11:00:32,875 [INFO]   [8/12] OK        all|at_fire         |label.next_interval.range_expanded_1x_interval               AUC GPU=0.769 CPU=0.769 d=+0.000 (21s)
2026-05-15 11:00:48,906 [INFO]   [9/12] OK    bullish|at_fire         |label.next_interval.expanded_range_1_25x                     AUC GPU=0.767 CPU=0.767 d=-0.000 (16s)
2026-05-15 11:01:09,100 [INFO]   [10/12] OK        all|at_fire         |label.next_interval.expanded_range_1_25x                     AUC GPU=0.770 CPU=0.766 d=+0.004 (20s)
2026-05-15 11:01:20,900 [INFO]   [11/12] OK    bearish|at_fire         |label.next_interval.range_expanded_1x_interval               AUC GPU=0.760 CPU=0.761 d=-0.001 (12s)
2026-05-15 11:01:32,955 [INFO]   [12/12] OK    bearish|at_fire         |label.next_interval.expanded_range_1_25x                     AUC GPU=0.762 CPU=0.760 d=+0.002 (12s)
2026-05-15 11:01:32,962 [INFO]   matrix itr_snapshots_xctx complete in 3.1 min
2026-05-15 11:01:32,962 [INFO] === MATRIX macro_event_snapshots_xctx (10 configs) ===
2026-05-15 11:01:33,167 [INFO]   loaded matrix: rows=18,414 cols=1,262 (0.2s)
2026-05-15 11:01:46,889 [INFO]   [1/10] OK        all|at_fire         |label.next_5m.range_expanded_2x_pre_15m                      AUC GPU=0.864 CPU=0.858 d=+0.006 (14s)
2026-05-15 11:01:57,220 [INFO]   [2/10] OK        all|at_fire         |label.next_15m.range_expanded_2x_pre_60m                     AUC GPU=0.887 CPU=0.854 d=+0.033 (10s)
2026-05-15 11:02:07,010 [INFO]   [3/10] OK       high|at_fire         |label.next_5m.range_expanded_2x_pre_15m                      AUC GPU=0.864 CPU=0.846 d=+0.018 (10s)
2026-05-15 11:02:17,647 [INFO]   [4/10] OK     medium|at_fire         |label.next_15m.one_sided_took_pre_60m_low                    AUC GPU=0.842 CPU=0.840 d=+0.002 (11s)
2026-05-15 11:02:29,463 [INFO]   [5/10] OK     medium|at_fire         |label.next_15m.one_sided_took_pre_60m_high                   AUC GPU=0.839 CPU=0.840 d=-0.001 (12s)
2026-05-15 11:02:42,351 [INFO]   [6/10] OK     medium|at_fire         |label.next_15m.took_pre_60m_high                             AUC GPU=0.837 CPU=0.837 d=+0.001 (13s)
2026-05-15 11:02:51,746 [INFO]   [7/10] OK       high|at_fire         |label.next_15m.range_expanded_2x_pre_60m                     AUC GPU=0.867 CPU=0.831 d=+0.036 (9s)
2026-05-15 11:03:02,943 [INFO]   [8/10] OK     medium|at_fire         |label.next_15m.took_pre_60m_low                              AUC GPU=0.826 CPU=0.825 d=+0.001 (11s)
2026-05-15 11:03:19,108 [INFO]   [9/10] OK        all|at_fire         |label.next_15m.one_sided_took_pre_60m_high                   AUC GPU=0.823 CPU=0.820 d=+0.003 (16s)
2026-05-15 11:03:25,666 [INFO]   [10/10] OK       high|at_fire         |label.next_15m.swept_both_pre_60m_sides                      AUC GPU=0.771 CPU=0.763 d=+0.007 (7s)
2026-05-15 11:03:25,671 [INFO]   matrix macro_event_snapshots_xctx complete in 1.9 min
2026-05-15 11:03:25,671 [INFO] === MATRIX opening_gap_snapshots_xctx_gapctx_obgeom_liqgeom_regime_strict (12 configs) ===
2026-05-15 11:03:26,033 [INFO]   loaded matrix: rows=9,438 cols=3,308 (0.4s)
2026-05-15 11:03:48,288 [INFO]   [1/12] OK        all|at_fire         |label.strict.next_240m.partial_touch_rejected                AUC GPU=0.845 CPU=0.837 d=+0.009 (22s)
2026-05-15 11:04:11,013 [INFO]   [2/12] OK   gap_down|at_fire         |label.strict.next_240m.partial_touch_rejected                AUC GPU=0.832 CPU=0.833 d=-0.000 (23s)
2026-05-15 11:04:29,777 [INFO]   [3/12] OK     gap_up|at_fire         |label.strict.next_60m.partial_touch_rejected                 AUC GPU=0.832 CPU=0.830 d=+0.003 (19s)
2026-05-15 11:04:52,845 [INFO]   [4/12] OK        all|at_fire         |label.strict.next_60m.partial_touch_rejected                 AUC GPU=0.831 CPU=0.826 d=+0.005 (23s)
2026-05-15 11:05:11,568 [INFO]   [5/12] OK        all|at_fire         |label.strict.next_1d.partial_touch_rejected                  AUC GPU=0.844 CPU=0.825 d=+0.019 (19s)
2026-05-15 11:05:28,493 [INFO]   [6/12] OK     gap_up|at_fire         |label.strict.next_240m.partial_touch_rejected                AUC GPU=0.834 CPU=0.822 d=+0.012 (17s)
2026-05-15 11:05:52,202 [INFO]   [7/12] OK   gap_down|at_fire         |label.strict.next_60m.partial_touch_rejected                 AUC GPU=0.829 CPU=0.820 d=+0.009 (24s)
2026-05-15 11:06:07,410 [INFO]   [8/12] OK     gap_up|at_fire         |label.strict.next_1d.partial_touch_rejected                  AUC GPU=0.813 CPU=0.787 d=+0.026 (15s)
2026-05-15 11:06:28,374 [INFO]   [9/12] OK        all|at_fire         |label.strict.next_1d.filled_then_continued_through           AUC GPU=0.773 CPU=0.762 d=+0.011 (21s)
2026-05-15 11:06:46,477 [INFO]   [10/12] OK        all|at_fire         |label.strict.next_1d.failed_fill_expanded_away               AUC GPU=0.797 CPU=0.750 d=+0.048 (18s)
2026-05-15 11:07:02,717 [INFO]   [11/12] OK     gap_up|at_fire         |label.strict.next_1d.filled_then_continued_through           AUC GPU=0.749 CPU=0.740 d=+0.009 (16s)
2026-05-15 11:07:22,337 [INFO]   [12/12] OK     gap_up|at_fire         |label.strict.next_240m.filled_then_continued_through         AUC GPU=0.737 CPU=0.738 d=-0.001 (20s)
2026-05-15 11:07:22,343 [INFO]   matrix opening_gap_snapshots_xctx_gapctx_obgeom_liqgeom_regime_strict complete in 3.9 min
2026-05-15 11:07:22,343 [INFO] === MATRIX opening_gap_snapshots_xctx_gapctx_obgeom_liqgeom_regime (16 configs) ===
2026-05-15 11:07:22,691 [INFO]   loaded matrix: rows=9,438 cols=3,281 (0.3s)
2026-05-15 11:07:52,835 [INFO]   [1/16] OK        all|at_fire         |label.next_240m.range_expanded_2x_gap                        AUC GPU=0.973 CPU=0.974 d=-0.001 (30s)
2026-05-15 11:08:27,364 [INFO]   [2/16] OK        all|at_fire         |label.next_60m.range_expanded_2x_gap                         AUC GPU=0.952 CPU=0.953 d=-0.001 (35s)
2026-05-15 11:08:52,694 [INFO]   [3/16] OK        all|at_fire         |label.next_60m.resistance_rejection_3bar                     AUC GPU=0.947 CPU=0.942 d=+0.005 (25s)
2026-05-15 11:09:13,827 [INFO]   [4/16] OK        all|at_fire         |label.next_60m.support_rejection_3bar                        AUC GPU=0.918 CPU=0.912 d=+0.005 (21s)
2026-05-15 11:09:36,383 [INFO]   [5/16] OK        all|at_fire         |label.next_240m.unfilled_at_window_end                       AUC GPU=0.845 CPU=0.837 d=+0.009 (23s)
2026-05-15 11:09:58,701 [INFO]   [6/16] OK        all|at_fire         |label.next_240m.fully_filled                                 AUC GPU=0.845 CPU=0.837 d=+0.009 (22s)
2026-05-15 11:10:21,580 [INFO]   [7/16] OK   gap_down|at_fire         |label.next_240m.unfilled_at_window_end                       AUC GPU=0.832 CPU=0.833 d=-0.000 (23s)
2026-05-15 11:10:44,689 [INFO]   [8/16] OK   gap_down|at_fire         |label.next_240m.fully_filled                                 AUC GPU=0.832 CPU=0.833 d=-0.000 (23s)
2026-05-15 11:11:04,593 [INFO]   [9/16] OK     gap_up|at_fire         |label.next_60m.fully_filled                                  AUC GPU=0.829 CPU=0.832 d=-0.002 (20s)
2026-05-15 11:11:24,839 [INFO]   [10/16] OK     gap_up|at_fire         |label.next_60m.unfilled_at_window_end                        AUC GPU=0.829 CPU=0.832 d=-0.002 (20s)
2026-05-15 11:11:49,713 [INFO]   [11/16] OK        all|at_fire         |label.next_60m.fully_filled                                  AUC GPU=0.830 CPU=0.827 d=+0.003 (25s)
2026-05-15 11:12:14,367 [INFO]   [12/16] OK        all|at_fire         |label.next_60m.unfilled_at_window_end                        AUC GPU=0.830 CPU=0.827 d=+0.003 (25s)
2026-05-15 11:12:31,389 [INFO]   [13/16] OK     gap_up|at_fire         |label.next_240m.unfilled_at_window_end                       AUC GPU=0.834 CPU=0.822 d=+0.012 (17s)
2026-05-15 11:12:48,508 [INFO]   [14/16] OK     gap_up|at_fire         |label.next_240m.fully_filled                                 AUC GPU=0.834 CPU=0.822 d=+0.012 (17s)
2026-05-15 11:13:01,934 [INFO]   [15/16] OK        all|at_fire         |label.next_1d.range_expanded_2x_gap                          AUC GPU=0.961 CPU=0.988 d=-0.027 (13s)
2026-05-15 11:13:08,286 [INFO]   [16/16] OK     gap_up|at_fire         |label.next_240m.range_expanded_1x_gap                        AUC GPU=0.974 CPU=0.979 d=-0.005 (6s)
2026-05-15 11:13:08,291 [INFO]   matrix opening_gap_snapshots_xctx_gapctx_obgeom_liqgeom_regime complete in 5.8 min
2026-05-15 11:13:08,291 [INFO] === MATRIX smt_previous_day_snapshots_xctx_fvggeom_obgeom_liqgeom_regime (8 configs) ===
2026-05-15 11:13:08,537 [INFO]   loaded matrix: rows=4,676 cols=3,179 (0.2s)
2026-05-15 11:13:33,759 [INFO]   [1/8] OK       high|at_period_close |label.n1_primary_took_period_n_high                          AUC GPU=0.967 CPU=0.975 d=-0.008 (25s)
2026-05-15 11:13:56,418 [INFO]   [2/8] OK       high|at_period_close |label.n1_close_moved_with_thesis                             AUC GPU=0.969 CPU=0.970 d=-0.002 (23s)
2026-05-15 11:14:20,026 [INFO]   [3/8] OK       high|at_period_close |label.n1_thesis_confirmed_strict                             AUC GPU=0.961 CPU=0.967 d=-0.006 (24s)
2026-05-15 11:14:43,393 [INFO]   [4/8] OK       high|at_period_close |label.n1_primary_took_period_n_low                           AUC GPU=0.961 CPU=0.967 d=-0.006 (23s)
2026-05-15 11:15:07,466 [INFO]   [5/8] OK        low|at_period_close |label.n1_primary_took_period_n_low                           AUC GPU=0.958 CPU=0.964 d=-0.006 (24s)
2026-05-15 11:15:36,959 [INFO]   [6/8] OK        all|at_period_close |label.n1_primary_took_period_n_high                          AUC GPU=0.958 CPU=0.964 d=-0.006 (29s)
2026-05-15 11:16:10,573 [INFO]   [7/8] OK        all|at_period_close |label.n1_primary_took_period_n_low                           AUC GPU=0.960 CPU=0.963 d=-0.003 (34s)
2026-05-15 11:16:46,634 [INFO]   [8/8] OK        all|at_period_close |label.n1_close_moved_with_thesis                             AUC GPU=0.946 CPU=0.957 d=-0.011 (36s)
2026-05-15 11:16:46,637 [INFO]   matrix smt_previous_day_snapshots_xctx_fvggeom_obgeom_liqgeom_regime complete in 3.6 min
2026-05-15 11:16:46,637 [INFO] === MATRIX sweep_snapshots_xctx_fvggeom_obgeom_liqgeom_regime (8 configs) ===
2026-05-15 11:16:47,766 [INFO]   loaded matrix: rows=52,946 cols=3,238 (1.1s)
2026-05-15 11:17:36,791 [INFO]   [1/8] OK        low|at_fire         |label.manipulation_range_reaction.range_expanded_2x_manipula AUC GPU=0.914 CPU=0.907 d=+0.007 (49s)
2026-05-15 11:19:03,281 [INFO]   [2/8] OK        all|at_fire         |label.manipulation_range_reaction.range_expanded_2x_manipula AUC GPU=0.913 CPU=0.903 d=+0.011 (86s)
2026-05-15 11:20:04,032 [INFO]   [3/8] OK        all|at_fire         |label.ob_confirmation.did_confirm                            AUC GPU=0.895 CPU=0.896 d=-0.000 (61s)
2026-05-15 11:20:47,865 [INFO]   [4/8] OK       high|at_fire         |label.ob_confirmation.did_confirm                            AUC GPU=0.901 CPU=0.894 d=+0.007 (44s)
2026-05-15 11:21:42,125 [INFO]   [5/8] OK       high|at_fire         |label.manipulation_range_reaction.range_expanded_2x_manipula AUC GPU=0.900 CPU=0.887 d=+0.013 (54s)
2026-05-15 11:22:16,108 [INFO]   [6/8] OK        low|at_fire         |label.ob_confirmation.did_confirm                            AUC GPU=0.880 CPU=0.863 d=+0.017 (34s)
2026-05-15 11:23:03,595 [INFO]   [7/8] OK       high|at_fire         |label.swept_reference_reaction.first_bar_down_then_final_up  AUC GPU=0.826 CPU=0.823 d=+0.003 (47s)
2026-05-15 11:24:00,927 [INFO]   [8/8] OK       high|at_fire         |label.swept_level_recovery.level_recovered                   AUC GPU=0.794 CPU=0.792 d=+0.001 (57s)
2026-05-15 11:24:00,968 [INFO]   matrix sweep_snapshots_xctx_fvggeom_obgeom_liqgeom_regime complete in 7.2 min
2026-05-15 11:24:00,968 [INFO] === MATRIX tp_snapshots_xctx_fvggeom_obgeom (10 configs) ===
2026-05-15 11:24:01,261 [INFO]   loaded matrix: rows=19,414 cols=1,774 (0.3s)
2026-05-15 11:24:25,679 [INFO]   [1/10] OK        all|at_fire         |label.next_period.took_parent_high                           AUC GPU=0.808 CPU=0.797 d=+0.012 (24s)
2026-05-15 11:24:48,276 [INFO]   [2/10] OK        all|at_fire         |label.next_period.took_parent_low                            AUC GPU=0.785 CPU=0.778 d=+0.007 (23s)
2026-05-15 11:25:03,755 [INFO]   [3/10] OK    bullish|at_fire         |label.next_period.took_parent_high                           AUC GPU=0.733 CPU=0.740 d=-0.007 (15s)
2026-05-15 11:25:19,596 [INFO]   [4/10] OK    bullish|at_fire         |label.next_period.thesis_confirmed                           AUC GPU=0.733 CPU=0.740 d=-0.007 (16s)
2026-05-15 11:25:36,501 [INFO]   [5/10] OK    bullish|at_fire         |label.next_period.took_parent_low                            AUC GPU=0.749 CPU=0.737 d=+0.012 (17s)
2026-05-15 11:25:51,085 [INFO]   [6/10] OK    bearish|at_fire         |label.next_period.took_parent_high                           AUC GPU=0.734 CPU=0.710 d=+0.023 (15s)
2026-05-15 11:26:14,469 [INFO]   [7/10] OK        all|at_fire         |label.next_period.thesis_confirmed                           AUC GPU=0.694 CPU=0.696 d=-0.002 (23s)
2026-05-15 11:26:29,299 [INFO]   [8/10] OK    bearish|at_fire         |label.next_period.took_parent_low                            AUC GPU=0.680 CPU=0.680 d=-0.001 (15s)
2026-05-15 11:26:44,215 [INFO]   [9/10] OK    bearish|at_fire         |label.next_period.thesis_confirmed                           AUC GPU=0.680 CPU=0.680 d=-0.001 (15s)
2026-05-15 11:26:50,943 [INFO]   [10/10] OK    bearish|at_fire         |label.n_plus_2.took_parent_high                              AUC GPU=0.632 CPU=0.594 d=+0.038 (7s)
2026-05-15 11:26:50,955 [INFO]   matrix tp_snapshots_xctx_fvggeom_obgeom complete in 2.8 min
2026-05-15 11:26:50,955 [INFO] === MATRIX vp_snapshots_xctx (12 configs) ===
2026-05-15 11:26:51,137 [INFO]   loaded matrix: rows=36,095 cols=808 (0.2s)
2026-05-15 11:26:59,802 [INFO]   [1/12] OK     buying|at_fire         |label.vah_touch.resistance_break_acceptance_3bar             AUC GPU=0.917 CPU=0.911 d=+0.007 (9s)
2026-05-15 11:27:15,328 [INFO]   [2/12] OK        all|at_fire         |label.vah_touch.resistance_rejection_3bar                    AUC GPU=0.908 CPU=0.908 d=-0.000 (16s)
2026-05-15 11:27:30,006 [INFO]   [3/12] OK        all|at_fire         |label.vah_touch.resistance_break_acceptance_3bar             AUC GPU=0.903 CPU=0.904 d=-0.001 (15s)
2026-05-15 11:27:34,037 [INFO]   [4/12] OK    selling|at_fire         |label.vah_touch.resistance_break_acceptance_3bar             AUC GPU=0.916 CPU=0.902 d=+0.014 (4s)
2026-05-15 11:27:44,768 [INFO]   [5/12] OK   balanced|at_fire         |label.vah_touch.resistance_rejection_3bar                    AUC GPU=0.899 CPU=0.897 d=+0.002 (11s)
2026-05-15 11:27:52,855 [INFO]   [6/12] OK     buying|at_fire         |label.vah_touch.resistance_rejection_3bar                    AUC GPU=0.904 CPU=0.896 d=+0.008 (8s)
2026-05-15 11:28:03,993 [INFO]   [7/12] OK   balanced|at_fire         |label.vah_touch.resistance_break_acceptance_3bar             AUC GPU=0.890 CPU=0.893 d=-0.003 (11s)
2026-05-15 11:28:11,628 [INFO]   [8/12] OK     buying|at_fire         |label.vwap_touch.resistance_rejection_3bar                   AUC GPU=0.886 CPU=0.886 d=+0.000 (8s)
2026-05-15 11:28:19,904 [INFO]   [9/12] OK     buying|at_fire         |label.vwap_touch.resistance_break_acceptance_3bar            AUC GPU=0.887 CPU=0.885 d=+0.002 (8s)
2026-05-15 11:28:27,171 [INFO]   [10/12] OK    selling|at_fire         |label.vwap_touch.support_break_acceptance_3bar               AUC GPU=0.877 CPU=0.872 d=+0.006 (7s)
2026-05-15 11:28:41,720 [INFO]   [11/12] OK        all|at_fire         |label.val_touch.support_break_acceptance_3bar                AUC GPU=0.873 CPU=0.871 d=+0.002 (15s)
2026-05-15 11:28:47,918 [INFO]   [12/12] OK    selling|at_fire         |label.val_touch.support_break_acceptance_3bar                AUC GPU=0.874 CPU=0.866 d=+0.008 (6s)
2026-05-15 11:28:47,924 [INFO]   matrix vp_snapshots_xctx complete in 1.9 min
2026-05-15 11:28:47,925 [INFO] === DONE in 55.6 min (112 configs) ===
2026-05-15 11:28:47,925 [INFO] scoreboard: C:\Users\benbr\BacktestStation\experiments\gpu_runs\2026-05-15_full_scoreboard\scoreboard.csv
